<?xml version="1.0" encoding="UTF-8"?>
<testng-results ignored="0" total="1" passed="1" failed="0" skipped="0">
  <reporter-output>
  </reporter-output>
  <suite started-at="2024-10-12T22:28:19 IST" name="Surefire suite" finished-at="2024-10-12T22:28:19 IST" duration-ms="73">
    <groups>
    </groups>
    <test started-at="2024-10-12T22:28:19 IST" name="Surefire test" finished-at="2024-10-12T22:28:19 IST" duration-ms="73">
      <class name="clould.samplecodeforClould.AppTest">
        <test-method signature="testApp()[pri:0, instance:testApp(clould.samplecodeforClould.AppTest)]" started-at="2024-10-12T22:28:19 IST" name="testApp" finished-at="2024-10-12T22:28:19 IST" duration-ms="13" status="PASS">
          <reporter-output>
          </reporter-output>
        </test-method> <!-- testApp -->
      </class> <!-- clould.samplecodeforClould.AppTest -->
    </test> <!-- Surefire test -->
  </suite> <!-- Surefire suite -->
</testng-results>
